{"/home/victor/Code/projects/voltz-challenge-api/src/app.js": {"path":"/home/victor/Code/projects/voltz-challenge-api/src/app.js","statementMap":{"0":{"start":{"line":8,"column":12},"end":{"line":8,"column":21}},"1":{"start":{"line":9,"column":0},"end":{"line":9,"column":24}},"2":{"start":{"line":10,"column":0},"end":{"line":10,"column":16}},"3":{"start":{"line":12,"column":0},"end":{"line":14,"column":3}},"4":{"start":{"line":13,"column":4},"end":{"line":13,"column":20}},"5":{"start":{"line":16,"column":0},"end":{"line":16,"column":48}},"6":{"start":{"line":17,"column":0},"end":{"line":17,"column":48}},"7":{"start":{"line":18,"column":0},"end":{"line":18,"column":57}},"8":{"start":{"line":20,"column":0},"end":{"line":20,"column":21}}},"fnMap":{"0":{"name":"(anonymous_0)","decl":{"start":{"line":12,"column":25},"end":{"line":12,"column":26}},"loc":{"start":{"line":12,"column":39},"end":{"line":14,"column":1}},"line":12}},"branchMap":{},"s":{"0":1,"1":1,"2":1,"3":1,"4":0,"5":1,"6":1,"7":1,"8":1},"f":{"0":0},"b":{},"_coverageSchema":"1a1c01bbd47fc00a2c39e90264f33305004495a9","hash":"03d922a29cb467c53ac7371d9da7fc8764b6359e"}
,"/home/victor/Code/projects/voltz-challenge-api/src/database.js": {"path":"/home/victor/Code/projects/voltz-challenge-api/src/database.js","statementMap":{"0":{"start":{"line":3,"column":17},"end":{"line":3,"column":19}},"1":{"start":{"line":13,"column":4},"end":{"line":13,"column":15}},"2":{"start":{"line":15,"column":25},"end":{"line":21,"column":1}},"3":{"start":{"line":23,"column":0},"end":{"line":30,"column":1}},"4":{"start":{"line":24,"column":4},"end":{"line":29,"column":6}},"5":{"start":{"line":32,"column":19},"end":{"line":32,"column":47}}},"fnMap":{},"branchMap":{"0":{"loc":{"start":{"line":23,"column":0},"end":{"line":30,"column":1}},"type":"if","locations":[{"start":{"line":23,"column":0},"end":{"line":30,"column":1}},{"start":{},"end":{}}],"line":23}},"s":{"0":1,"1":1,"2":1,"3":1,"4":0,"5":1},"f":{},"b":{"0":[0,1]},"_coverageSchema":"1a1c01bbd47fc00a2c39e90264f33305004495a9","hash":"a15dbebe99b85c15b13fb2b40412bfb9c40167d3"}
,"/home/victor/Code/projects/voltz-challenge-api/src/controllers/toolsController.js": {"path":"/home/victor/Code/projects/voltz-challenge-api/src/controllers/toolsController.js","statementMap":{"0":{"start":{"line":6,"column":4},"end":{"line":16,"column":5}},"1":{"start":{"line":7,"column":8},"end":{"line":7,"column":34}},"2":{"start":{"line":9,"column":23},"end":{"line":9,"column":65}},"3":{"start":{"line":11,"column":8},"end":{"line":11,"column":44}},"4":{"start":{"line":13,"column":8},"end":{"line":13,"column":92}},"5":{"start":{"line":13,"column":40},"end":{"line":13,"column":92}},"6":{"start":{"line":15,"column":8},"end":{"line":15,"column":27}},"7":{"start":{"line":20,"column":4},"end":{"line":30,"column":5}},"8":{"start":{"line":21,"column":24},"end":{"line":21,"column":33}},"9":{"start":{"line":23,"column":23},"end":{"line":23,"column":59}},"10":{"start":{"line":25,"column":8},"end":{"line":25,"column":32}},"11":{"start":{"line":27,"column":8},"end":{"line":27,"column":92}},"12":{"start":{"line":27,"column":40},"end":{"line":27,"column":92}},"13":{"start":{"line":29,"column":8},"end":{"line":29,"column":27}},"14":{"start":{"line":34,"column":4},"end":{"line":44,"column":5}},"15":{"start":{"line":35,"column":23},"end":{"line":35,"column":33}},"16":{"start":{"line":37,"column":8},"end":{"line":37,"column":42}},"17":{"start":{"line":39,"column":8},"end":{"line":39,"column":40}},"18":{"start":{"line":41,"column":8},"end":{"line":41,"column":92}},"19":{"start":{"line":41,"column":40},"end":{"line":41,"column":92}},"20":{"start":{"line":43,"column":8},"end":{"line":43,"column":27}}},"fnMap":{"0":{"name":"postNewTool","decl":{"start":{"line":5,"column":15},"end":{"line":5,"column":26}},"loc":{"start":{"line":5,"column":43},"end":{"line":17,"column":1}},"line":5},"1":{"name":"getToolsList","decl":{"start":{"line":19,"column":15},"end":{"line":19,"column":27}},"loc":{"start":{"line":19,"column":44},"end":{"line":31,"column":1}},"line":19},"2":{"name":"removeToolById","decl":{"start":{"line":33,"column":15},"end":{"line":33,"column":29}},"loc":{"start":{"line":33,"column":46},"end":{"line":45,"column":1}},"line":33}},"branchMap":{"0":{"loc":{"start":{"line":13,"column":8},"end":{"line":13,"column":92}},"type":"if","locations":[{"start":{"line":13,"column":8},"end":{"line":13,"column":92}},{"start":{},"end":{}}],"line":13},"1":{"loc":{"start":{"line":27,"column":8},"end":{"line":27,"column":92}},"type":"if","locations":[{"start":{"line":27,"column":8},"end":{"line":27,"column":92}},{"start":{},"end":{}}],"line":27},"2":{"loc":{"start":{"line":41,"column":8},"end":{"line":41,"column":92}},"type":"if","locations":[{"start":{"line":41,"column":8},"end":{"line":41,"column":92}},{"start":{},"end":{}}],"line":41}},"s":{"0":0,"1":0,"2":0,"3":0,"4":0,"5":0,"6":0,"7":0,"8":0,"9":0,"10":0,"11":0,"12":0,"13":0,"14":0,"15":0,"16":0,"17":0,"18":0,"19":0,"20":0},"f":{"0":0,"1":0,"2":0},"b":{"0":[0,0],"1":[0,0],"2":[0,0]},"_coverageSchema":"1a1c01bbd47fc00a2c39e90264f33305004495a9","hash":"97220345495d86392257675427e7ac2e17f83de7"}
,"/home/victor/Code/projects/voltz-challenge-api/src/errors/ToolError.js": {"path":"/home/victor/Code/projects/voltz-challenge-api/src/errors/ToolError.js","statementMap":{"0":{"start":{"line":3,"column":8},"end":{"line":3,"column":23}},"1":{"start":{"line":4,"column":8},"end":{"line":4,"column":32}},"2":{"start":{"line":5,"column":8},"end":{"line":5,"column":29}}},"fnMap":{"0":{"name":"(anonymous_0)","decl":{"start":{"line":2,"column":4},"end":{"line":2,"column":5}},"loc":{"start":{"line":2,"column":33},"end":{"line":6,"column":5}},"line":2}},"branchMap":{},"s":{"0":0,"1":0,"2":0},"f":{"0":0},"b":{},"_coverageSchema":"1a1c01bbd47fc00a2c39e90264f33305004495a9","hash":"de3fdfac5108403ed242865b340ae80cf9083f90"}
,"/home/victor/Code/projects/voltz-challenge-api/src/middlewares/serverError.js": {"path":"/home/victor/Code/projects/voltz-challenge-api/src/middlewares/serverError.js","statementMap":{"0":{"start":{"line":3,"column":4},"end":{"line":3,"column":45}},"1":{"start":{"line":5,"column":4},"end":{"line":5,"column":31}}},"fnMap":{"0":{"name":"serverError","decl":{"start":{"line":1,"column":30},"end":{"line":1,"column":41}},"loc":{"start":{"line":1,"column":57},"end":{"line":6,"column":1}},"line":1}},"branchMap":{},"s":{"0":0,"1":0},"f":{"0":0},"b":{},"_coverageSchema":"1a1c01bbd47fc00a2c39e90264f33305004495a9","hash":"109a51a0ae28d99df3fd8cf2447d3fbdb2b5efce"}
,"/home/victor/Code/projects/voltz-challenge-api/src/repositories/toolsRepository.js": {"path":"/home/victor/Code/projects/voltz-challenge-api/src/repositories/toolsRepository.js","statementMap":{"0":{"start":{"line":5,"column":47},"end":{"line":5,"column":51}},"1":{"start":{"line":7,"column":19},"end":{"line":13,"column":40}},"2":{"start":{"line":15,"column":4},"end":{"line":15,"column":26}},"3":{"start":{"line":19,"column":19},"end":{"line":19,"column":64}},"4":{"start":{"line":21,"column":4},"end":{"line":21,"column":23}},"5":{"start":{"line":25,"column":19},"end":{"line":25,"column":93}},"6":{"start":{"line":27,"column":4},"end":{"line":27,"column":97}},"7":{"start":{"line":27,"column":29},"end":{"line":27,"column":97}},"8":{"start":{"line":29,"column":4},"end":{"line":29,"column":23}},"9":{"start":{"line":33,"column":19},"end":{"line":33,"column":121}},"10":{"start":{"line":35,"column":4},"end":{"line":35,"column":26}},"11":{"start":{"line":39,"column":4},"end":{"line":39,"column":69}}},"fnMap":{"0":{"name":"saveTool","decl":{"start":{"line":4,"column":15},"end":{"line":4,"column":23}},"loc":{"start":{"line":4,"column":30},"end":{"line":16,"column":1}},"line":4},"1":{"name":"getTools","decl":{"start":{"line":18,"column":15},"end":{"line":18,"column":23}},"loc":{"start":{"line":18,"column":26},"end":{"line":22,"column":1}},"line":18},"2":{"name":"getToolsByTag","decl":{"start":{"line":24,"column":15},"end":{"line":24,"column":28}},"loc":{"start":{"line":24,"column":34},"end":{"line":30,"column":1}},"line":24},"3":{"name":"getToolByTitleOrLink","decl":{"start":{"line":32,"column":15},"end":{"line":32,"column":35}},"loc":{"start":{"line":32,"column":53},"end":{"line":36,"column":1}},"line":32},"4":{"name":"deleteTool","decl":{"start":{"line":38,"column":15},"end":{"line":38,"column":25}},"loc":{"start":{"line":38,"column":30},"end":{"line":40,"column":1}},"line":38}},"branchMap":{"0":{"loc":{"start":{"line":27,"column":4},"end":{"line":27,"column":97}},"type":"if","locations":[{"start":{"line":27,"column":4},"end":{"line":27,"column":97}},{"start":{},"end":{}}],"line":27}},"s":{"0":0,"1":0,"2":0,"3":0,"4":0,"5":0,"6":0,"7":0,"8":0,"9":0,"10":0,"11":0},"f":{"0":0,"1":0,"2":0,"3":0,"4":0},"b":{"0":[0,0]},"_coverageSchema":"1a1c01bbd47fc00a2c39e90264f33305004495a9","hash":"702b5b7a016672b672bcfcee35b73e912cb629be"}
,"/home/victor/Code/projects/voltz-challenge-api/src/services/toolsService.js": {"path":"/home/victor/Code/projects/voltz-challenge-api/src/services/toolsService.js","statementMap":{"0":{"start":{"line":5,"column":28},"end":{"line":5,"column":32}},"1":{"start":{"line":7,"column":25},"end":{"line":7,"column":84}},"2":{"start":{"line":9,"column":4},"end":{"line":9,"column":87}},"3":{"start":{"line":9,"column":22},"end":{"line":9,"column":87}},"4":{"start":{"line":11,"column":4},"end":{"line":11,"column":42}},"5":{"start":{"line":17,"column":4},"end":{"line":18,"column":59}},"6":{"start":{"line":17,"column":14},"end":{"line":17,"column":56}},"7":{"start":{"line":18,"column":9},"end":{"line":18,"column":59}},"8":{"start":{"line":20,"column":4},"end":{"line":20,"column":83}},"9":{"start":{"line":20,"column":24},"end":{"line":20,"column":83}},"10":{"start":{"line":22,"column":4},"end":{"line":22,"column":18}},"11":{"start":{"line":26,"column":4},"end":{"line":26,"column":83}},"12":{"start":{"line":26,"column":34},"end":{"line":26,"column":83}},"13":{"start":{"line":28,"column":4},"end":{"line":28,"column":42}}},"fnMap":{"0":{"name":"createNewTool","decl":{"start":{"line":4,"column":15},"end":{"line":4,"column":28}},"loc":{"start":{"line":4,"column":35},"end":{"line":12,"column":1}},"line":4},"1":{"name":"getToolsList","decl":{"start":{"line":14,"column":15},"end":{"line":14,"column":27}},"loc":{"start":{"line":14,"column":33},"end":{"line":23,"column":1}},"line":14},"2":{"name":"removeTool","decl":{"start":{"line":25,"column":15},"end":{"line":25,"column":25}},"loc":{"start":{"line":25,"column":30},"end":{"line":29,"column":1}},"line":25}},"branchMap":{"0":{"loc":{"start":{"line":9,"column":4},"end":{"line":9,"column":87}},"type":"if","locations":[{"start":{"line":9,"column":4},"end":{"line":9,"column":87}},{"start":{},"end":{}}],"line":9},"1":{"loc":{"start":{"line":17,"column":4},"end":{"line":18,"column":59}},"type":"if","locations":[{"start":{"line":17,"column":4},"end":{"line":18,"column":59}},{"start":{"line":18,"column":9},"end":{"line":18,"column":59}}],"line":17},"2":{"loc":{"start":{"line":20,"column":4},"end":{"line":20,"column":83}},"type":"if","locations":[{"start":{"line":20,"column":4},"end":{"line":20,"column":83}},{"start":{},"end":{}}],"line":20},"3":{"loc":{"start":{"line":26,"column":4},"end":{"line":26,"column":83}},"type":"if","locations":[{"start":{"line":26,"column":4},"end":{"line":26,"column":83}},{"start":{},"end":{}}],"line":26}},"s":{"0":0,"1":0,"2":0,"3":0,"4":0,"5":0,"6":0,"7":0,"8":0,"9":0,"10":0,"11":0,"12":0,"13":0},"f":{"0":0,"1":0,"2":0},"b":{"0":[0,0],"1":[0,0],"2":[0,0],"3":[0,0]},"_coverageSchema":"1a1c01bbd47fc00a2c39e90264f33305004495a9","hash":"3a436bfbfe8b1d5f5a77c1c77920e6d0faa534af"}
,"/home/victor/Code/projects/voltz-challenge-api/src/validations/toolsValidation.js": {"path":"/home/victor/Code/projects/voltz-challenge-api/src/validations/toolsValidation.js","statementMap":{"0":{"start":{"line":5,"column":4},"end":{"line":11,"column":5}},"1":{"start":{"line":6,"column":18},"end":{"line":6,"column":66}},"2":{"start":{"line":7,"column":17},"end":{"line":7,"column":70}},"3":{"start":{"line":8,"column":24},"end":{"line":8,"column":78}},"4":{"start":{"line":9,"column":17},"end":{"line":9,"column":76}},"5":{"start":{"line":10,"column":13},"end":{"line":10,"column":19}},"6":{"start":{"line":15,"column":23},"end":{"line":20,"column":6}},"7":{"start":{"line":22,"column":22},"end":{"line":22,"column":47}},"8":{"start":{"line":24,"column":4},"end":{"line":24,"column":58}},"9":{"start":{"line":24,"column":15},"end":{"line":24,"column":58}},"10":{"start":{"line":26,"column":4},"end":{"line":26,"column":16}}},"fnMap":{"0":{"name":"specifyError","decl":{"start":{"line":4,"column":9},"end":{"line":4,"column":21}},"loc":{"start":{"line":4,"column":29},"end":{"line":12,"column":1}},"line":4},"1":{"name":"validateNewTool","decl":{"start":{"line":14,"column":24},"end":{"line":14,"column":39}},"loc":{"start":{"line":14,"column":46},"end":{"line":27,"column":1}},"line":14}},"branchMap":{"0":{"loc":{"start":{"line":5,"column":4},"end":{"line":11,"column":5}},"type":"switch","locations":[{"start":{"line":6,"column":4},"end":{"line":6,"column":66}},{"start":{"line":7,"column":4},"end":{"line":7,"column":70}},{"start":{"line":8,"column":4},"end":{"line":8,"column":78}},{"start":{"line":9,"column":4},"end":{"line":9,"column":76}},{"start":{"line":10,"column":4},"end":{"line":10,"column":19}}],"line":5},"1":{"loc":{"start":{"line":24,"column":4},"end":{"line":24,"column":58}},"type":"if","locations":[{"start":{"line":24,"column":4},"end":{"line":24,"column":58}},{"start":{},"end":{}}],"line":24}},"s":{"0":0,"1":0,"2":0,"3":0,"4":0,"5":0,"6":0,"7":0,"8":0,"9":0,"10":0},"f":{"0":0,"1":0},"b":{"0":[0,0,0,0,0],"1":[0,0]},"_coverageSchema":"1a1c01bbd47fc00a2c39e90264f33305004495a9","hash":"193f6a65210c5bf2825e0c8bf097a932f4a0b390"}
,"/home/victor/Code/projects/voltz-challenge-api/tests/factories/toolFactory.js": {"path":"/home/victor/Code/projects/voltz-challenge-api/tests/factories/toolFactory.js","statementMap":{"0":{"start":{"line":4,"column":21},"end":{"line":9,"column":5}},"1":{"start":{"line":11,"column":4},"end":{"line":11,"column":26}},"2":{"start":{"line":13,"column":4},"end":{"line":13,"column":20}}},"fnMap":{"0":{"name":"mockToolFactory","decl":{"start":{"line":3,"column":24},"end":{"line":3,"column":39}},"loc":{"start":{"line":3,"column":42},"end":{"line":14,"column":1}},"line":3}},"branchMap":{},"s":{"0":0,"1":0,"2":0},"f":{"0":0},"b":{},"_coverageSchema":"1a1c01bbd47fc00a2c39e90264f33305004495a9","hash":"907f4edff65b926444236d8e3b82e14e1fe84a47"}
,"/home/victor/Code/projects/voltz-challenge-api/tests/utils/toolsHelper.js": {"path":"/home/victor/Code/projects/voltz-challenge-api/tests/utils/toolsHelper.js","statementMap":{"0":{"start":{"line":4,"column":4},"end":{"line":4,"column":28}},"1":{"start":{"line":8,"column":4},"end":{"line":8,"column":59}},"2":{"start":{"line":12,"column":4},"end":{"line":12,"column":59}},"3":{"start":{"line":16,"column":19},"end":{"line":16,"column":47}},"4":{"start":{"line":18,"column":4},"end":{"line":24,"column":5}},"5":{"start":{"line":19,"column":12},"end":{"line":19,"column":27}},"6":{"start":{"line":20,"column":12},"end":{"line":20,"column":26}},"7":{"start":{"line":21,"column":12},"end":{"line":21,"column":33}},"8":{"start":{"line":22,"column":12},"end":{"line":22,"column":26}},"9":{"start":{"line":23,"column":13},"end":{"line":23,"column":30}}},"fnMap":{"0":{"name":"endConnection","decl":{"start":{"line":3,"column":9},"end":{"line":3,"column":22}},"loc":{"start":{"line":3,"column":25},"end":{"line":5,"column":1}},"line":3},"1":{"name":"cleanTools","decl":{"start":{"line":7,"column":9},"end":{"line":7,"column":19}},"loc":{"start":{"line":7,"column":22},"end":{"line":9,"column":1}},"line":7},"2":{"name":"cleanUsers","decl":{"start":{"line":11,"column":9},"end":{"line":11,"column":19}},"loc":{"start":{"line":11,"column":22},"end":{"line":13,"column":1}},"line":11},"3":{"name":"selectRandomToolProperty","decl":{"start":{"line":15,"column":9},"end":{"line":15,"column":33}},"loc":{"start":{"line":15,"column":36},"end":{"line":25,"column":1}},"line":15}},"branchMap":{"0":{"loc":{"start":{"line":18,"column":4},"end":{"line":24,"column":5}},"type":"switch","locations":[{"start":{"line":19,"column":4},"end":{"line":19,"column":27}},{"start":{"line":20,"column":4},"end":{"line":20,"column":26}},{"start":{"line":21,"column":4},"end":{"line":21,"column":33}},{"start":{"line":22,"column":4},"end":{"line":22,"column":26}},{"start":{"line":23,"column":4},"end":{"line":23,"column":30}}],"line":18}},"s":{"0":1,"1":3,"2":0,"3":0,"4":0,"5":0,"6":0,"7":0,"8":0,"9":0},"f":{"0":1,"1":3,"2":0,"3":0},"b":{"0":[0,0,0,0,0]},"_coverageSchema":"1a1c01bbd47fc00a2c39e90264f33305004495a9","hash":"fc6fd01e116df2abd2b36aff347b7c19f7477986"}
}
