TN:
SF:src/app.js
FN:12,(anonymous_0)
FNF:1
FNH:0
FNDA:0,(anonymous_0)
DA:8,1
DA:9,1
DA:10,1
DA:12,1
DA:13,0
DA:16,1
DA:17,1
DA:18,1
DA:20,1
LF:9
LH:8
BRF:0
BRH:0
end_of_record
TN:
SF:src/database.js
FNF:0
FNH:0
DA:3,1
DA:13,1
DA:15,1
DA:23,1
DA:24,0
DA:32,1
LF:6
LH:5
BRDA:23,0,0,0
BRDA:23,0,1,1
BRF:2
BRH:1
end_of_record
TN:
SF:src/controllers/toolsController.js
FN:5,postNewTool
FN:19,getToolsList
FN:33,removeToolById
FNF:3
FNH:0
FNDA:0,postNewTool
FNDA:0,getToolsList
FNDA:0,removeToolById
DA:6,0
DA:7,0
DA:9,0
DA:11,0
DA:13,0
DA:15,0
DA:20,0
DA:21,0
DA:23,0
DA:25,0
DA:27,0
DA:29,0
DA:34,0
DA:35,0
DA:37,0
DA:39,0
DA:41,0
DA:43,0
LF:18
LH:0
BRDA:13,0,0,0
BRDA:13,0,1,0
BRDA:27,1,0,0
BRDA:27,1,1,0
BRDA:41,2,0,0
BRDA:41,2,1,0
BRF:6
BRH:0
end_of_record
TN:
SF:src/errors/ToolError.js
FN:2,(anonymous_0)
FNF:1
FNH:0
FNDA:0,(anonymous_0)
DA:3,0
DA:4,0
DA:5,0
LF:3
LH:0
BRF:0
BRH:0
end_of_record
TN:
SF:src/middlewares/serverError.js
FN:1,serverError
FNF:1
FNH:0
FNDA:0,serverError
DA:3,0
DA:5,0
LF:2
LH:0
BRF:0
BRH:0
end_of_record
TN:
SF:src/repositories/toolsRepository.js
FN:4,saveTool
FN:18,getTools
FN:24,getToolsByTag
FN:32,getToolByTitleOrLink
FN:38,deleteTool
FNF:5
FNH:0
FNDA:0,saveTool
FNDA:0,getTools
FNDA:0,getToolsByTag
FNDA:0,getToolByTitleOrLink
FNDA:0,deleteTool
DA:5,0
DA:7,0
DA:15,0
DA:19,0
DA:21,0
DA:25,0
DA:27,0
DA:29,0
DA:33,0
DA:35,0
DA:39,0
LF:11
LH:0
BRDA:27,0,0,0
BRDA:27,0,1,0
BRF:2
BRH:0
end_of_record
TN:
SF:src/services/toolsService.js
FN:4,createNewTool
FN:14,getToolsList
FN:25,removeTool
FNF:3
FNH:0
FNDA:0,createNewTool
FNDA:0,getToolsList
FNDA:0,removeTool
DA:5,0
DA:7,0
DA:9,0
DA:11,0
DA:17,0
DA:18,0
DA:20,0
DA:22,0
DA:26,0
DA:28,0
LF:10
LH:0
BRDA:9,0,0,0
BRDA:9,0,1,0
BRDA:17,1,0,0
BRDA:17,1,1,0
BRDA:20,2,0,0
BRDA:20,2,1,0
BRDA:26,3,0,0
BRDA:26,3,1,0
BRF:8
BRH:0
end_of_record
TN:
SF:src/validations/toolsValidation.js
FN:4,specifyError
FN:14,validateNewTool
FNF:2
FNH:0
FNDA:0,specifyError
FNDA:0,validateNewTool
DA:5,0
DA:6,0
DA:7,0
DA:8,0
DA:9,0
DA:10,0
DA:15,0
DA:22,0
DA:24,0
DA:26,0
LF:10
LH:0
BRDA:5,0,0,0
BRDA:5,0,1,0
BRDA:5,0,2,0
BRDA:5,0,3,0
BRDA:5,0,4,0
BRDA:24,1,0,0
BRDA:24,1,1,0
BRF:7
BRH:0
end_of_record
TN:
SF:tests/factories/toolFactory.js
FN:3,mockToolFactory
FNF:1
FNH:0
FNDA:0,mockToolFactory
DA:4,0
DA:11,0
DA:13,0
LF:3
LH:0
BRF:0
BRH:0
end_of_record
TN:
SF:tests/utils/toolsHelper.js
FN:3,endConnection
FN:7,cleanTools
FN:11,cleanUsers
FN:15,selectRandomToolProperty
FNF:4
FNH:2
FNDA:1,endConnection
FNDA:3,cleanTools
FNDA:0,cleanUsers
FNDA:0,selectRandomToolProperty
DA:4,1
DA:8,3
DA:12,0
DA:16,0
DA:18,0
DA:19,0
DA:20,0
DA:21,0
DA:22,0
DA:23,0
LF:10
LH:2
BRDA:18,0,0,0
BRDA:18,0,1,0
BRDA:18,0,2,0
BRDA:18,0,3,0
BRDA:18,0,4,0
BRF:5
BRH:0
end_of_record
